<?xml version="1.0" encoding="UTF-8" ?>
<testsuite tests="1" failures="0" name="com.capgemini.de.insightsanddata.dsc.kerasmodelstoproduction.MyResourceTest" time="6.035" errors="0" skipped="0">
  <properties>
    <property name="idea.version" value="2018.2.6"/>
    <property name="java.runtime.name" value="Java(TM) SE Runtime Environment"/>
    <property name="java.vm.version" value="11.0.1+13-LTS"/>
    <property name="sun.boot.library.path" value="C:\Apps\Dev\Infrastructure\Java\JDK\jdk11\bin"/>
    <property name="user.country.format" value="DE"/>
    <property name="maven.multiModuleProjectDirectory" value="C:\Apps\Current\cds\a-topics\DSC\Community\report_AiToProd\jersey\javaRestfulSvcs\aiModelsAtScaleOnRestfulJeeSvcs\aiModelsAtScaleOnRestfulJavaSeSvcs"/>
    <property name="java.vm.vendor" value="Oracle Corporation"/>
    <property name="java.vendor.url" value="http://java.oracle.com/"/>
    <property name="guice.disable.misplaced.annotation.check" value="true"/>
    <property name="path.separator" value=";"/>
    <property name="java.vm.name" value="Java HotSpot(TM) 64-Bit Server VM"/>
    <property name="sun.os.patch.level" value="Service Pack 1"/>
    <property name="user.script" value=""/>
    <property name="user.country" value="US"/>
    <property name="sun.java.launcher" value="SUN_STANDARD"/>
    <property name="java.vm.specification.name" value="Java Virtual Machine Specification"/>
    <property name="user.dir" value="C:\Apps\Current\cds\a-topics\DSC\Community\report_AiToProd\jersey\javaRestfulSvcs\aiModelsAtScaleOnRestfulJeeSvcs\aiModelsAtScaleOnRestfulJavaSeSvcs"/>
    <property name="java.vm.compressedOopsMode" value="Zero based"/>
    <property name="java.runtime.version" value="11.0.1+13-LTS"/>
    <property name="java.awt.graphicsenv" value="sun.awt.Win32GraphicsEnvironment"/>
    <property name="os.arch" value="amd64"/>
    <property name="java.io.tmpdir" value="C:\Users\daschulz\AppData\Local\Temp\"/>
    <property name="line.separator" value="
"/>
    <property name="java.vm.specification.vendor" value="Oracle Corporation"/>
    <property name="user.variant" value=""/>
    <property name="os.name" value="Windows 7"/>
    <property name="classworlds.conf" value="C:\Apps\Dev\Infrastructure\maven\apache-maven-3.5.4\bin\m2.conf"/>
    <property name="sun.jnu.encoding" value="Cp1252"/>
    <property name="java.library.path" value="C:\Apps\Dev\Infrastructure\Java\JDK\jdk11\bin;C:\WINDOWS\Sun\Java\bin;C:\WINDOWS\system32;C:\WINDOWS;c:\Rtools\bin;c:\Rtools\mingw_32\bin;C:\Apps\Dev\Infrastructure\Java\JRE\server-jre_jdk1.8.0_192\jre\bin;C:\Apps\Dev\Infrastructure\Java\JDK\jdk11\bin;C:\Apps\Dev\Infrastructure\maven\apache-maven-3.5.4\bin;C:\ProgramData\Oracle\Java\javapath;C:\WINDOWS\system32;C:\WINDOWS;C:\WINDOWS\System32\Wbem;C:\WINDOWS\System32\WindowsPowerShell\v1.0\;&quot;C:\Program Files (x86)\Subversion\bin&quot;;C:\Program Files\TortoiseSVN\bin;C:\Program Files (x86)\GNU\GnuPG\pub;C:\Apps\Dev\Infrastructure\Scala\scala-2-10-5\bin;C:\Program Files (x86)\WinSCP\;C:\Apps\Dev\Code\git\plc\github\winutils\hadoop-2.7.1\bin;C:\Program Files (x86)\Skype\Phone\;C:\Apps\Dev\Infrastructure\Groovy\apache-groovy-sdk-2.4.10\groovy-2.4.10\bin;C:\Apps\Dev\Infrastructure\Groovy\apache-groovy-sdk-2.4.10\groovy-2.4.10\bin;C:\Program Files (x86)\Common Files\Acronis\SnapAPI\;C:\Program Files (x86)\Common Files\Acronis\VirtualFile\;C:\Program Files (x86)\Common Files\Acronis\VirtualFile64\;C:\Program Files (x86)\Common Files\Acronis\FileProtector\;C:\Program Files (x86)\Common Files\Acronis\FileProtector64\;C:\Program Files (x86)\scala\bin;C:\Users\daschulz\AppData\Local\Programs\Python\Python36\Scripts\;C:\Users\daschulz\AppData\Local\Programs\Python\Python36\;C:\Users\daschulz\AppData\Local\Programs\Python\Launcher\;C:\Users\daschulz\AppData\Local\Programs\MiKTeX 2.9\miktex\bin\x64\;."/>
    <property name="maven.conf" value="C:\Apps\Dev\Infrastructure\maven\apache-maven-3.5.4/conf"/>
    <property name="jdk.debug" value="release"/>
    <property name="java.class.version" value="55.0"/>
    <property name="java.specification.name" value="Java Platform API Specification"/>
    <property name="sun.management.compiler" value="HotSpot 64-Bit Tiered Compilers"/>
    <property name="maven.repo.local" value="C:\Apps\Dev\Infrastructure\maven\maven-repositories\DSC"/>
    <property name="os.version" value="6.1"/>
    <property name="user.home" value="C:\Users\daschulz"/>
    <property name="user.timezone" value="Europe/Berlin"/>
    <property name="java.awt.printerjob" value="sun.awt.windows.WPrinterJob"/>
    <property name="file.encoding" value="UTF-8"/>
    <property name="java.specification.version" value="11"/>
    <property name="user.name" value="daschulz"/>
    <property name="java.class.path" value="C:\Apps\Dev\Infrastructure\maven\apache-maven-3.5.4\boot\plexus-classworlds-2.5.2.jar"/>
    <property name="java.vm.specification.version" value="11"/>
    <property name="sun.arch.data.model" value="64"/>
    <property name="sun.java.command" value="org.codehaus.classworlds.Launcher -Didea.version=2018.2.6 -s C:\Apps\Dev\Infrastructure\maven\apache-maven-3.5.4\conf\settings.xml -Dmaven.repo.local=C:\Apps\Dev\Infrastructure\maven\maven-repositories\DSC clean package"/>
    <property name="java.home" value="C:\Apps\Dev\Infrastructure\Java\JDK\jdk11"/>
    <property name="user.language" value="en"/>
    <property name="java.specification.vendor" value="Oracle Corporation"/>
    <property name="user.language.format" value="de"/>
    <property name="awt.toolkit" value="sun.awt.windows.WToolkit"/>
    <property name="java.vm.info" value="mixed mode"/>
    <property name="java.version" value="11.0.1"/>
    <property name="java.vendor" value="Oracle Corporation"/>
    <property name="maven.home" value="C:\Apps\Dev\Infrastructure\maven\apache-maven-3.5.4"/>
    <property name="file.separator" value="\"/>
    <property name="java.version.date" value="2018-10-16"/>
    <property name="java.vendor.url.bug" value="http://bugreport.java.com/bugreport/"/>
    <property name="sun.io.unicode.encoding" value="UnicodeLittle"/>
    <property name="sun.cpu.endian" value="little"/>
    <property name="java.vendor.version" value="18.9"/>
    <property name="sun.desktop" value="windows"/>
    <property name="sun.cpu.isalist" value="amd64"/>
  </properties>
  <testcase classname="com.capgemini.de.insightsanddata.dsc.kerasmodelstoproduction.MyResourceTest" name="testGetItViaGet" time="6.035"/>
</testsuite>